0 info it worked if it ends with ok
1 verbose cli [ 'node', '/usr/local/bin/npm', 'i', '-g', 'phantomjs' ]
2 info using npm@1.4.28
3 info using node@v0.10.33
4 verbose cache add [ 'phantomjs', null ]
5 verbose cache add name=undefined spec="phantomjs" args=["phantomjs",null]
6 verbose parsed url { protocol: null,
6 verbose parsed url   slashes: null,
6 verbose parsed url   auth: null,
6 verbose parsed url   host: null,
6 verbose parsed url   port: null,
6 verbose parsed url   hostname: null,
6 verbose parsed url   hash: null,
6 verbose parsed url   search: null,
6 verbose parsed url   query: null,
6 verbose parsed url   pathname: 'phantomjs',
6 verbose parsed url   path: 'phantomjs',
6 verbose parsed url   href: 'phantomjs' }
7 silly lockFile 30d7cd7d-phantomjs phantomjs
8 verbose lock phantomjs /Users/mw/.npm/30d7cd7d-phantomjs.lock
9 silly lockFile 30d7cd7d-phantomjs phantomjs
10 silly lockFile 30d7cd7d-phantomjs phantomjs
11 verbose addNamed [ 'phantomjs', '' ]
12 verbose addNamed [ null, '*' ]
13 silly lockFile 29cf7fd6-phantomjs phantomjs@
14 verbose lock phantomjs@ /Users/mw/.npm/29cf7fd6-phantomjs.lock
15 silly addNameRange { name: 'phantomjs', range: '*', hasData: false }
16 verbose request where is /phantomjs
17 verbose request registry https://registry.npmjs.org/
18 verbose request id 45a52678895d6514
19 verbose url raw /phantomjs
20 verbose url resolving [ 'https://registry.npmjs.org/', './phantomjs' ]
21 verbose url resolved https://registry.npmjs.org/phantomjs
22 verbose request where is https://registry.npmjs.org/phantomjs
23 info trying registry request attempt 1 at 17:35:26
24 verbose etag "EOYLHCS2D61WJT98U1FLOYP31"
25 http GET https://registry.npmjs.org/phantomjs
26 http 200 https://registry.npmjs.org/phantomjs
27 silly registry.get cb [ 200,
27 silly registry.get   { server: 'CouchDB/1.5.0 (Erlang OTP/R16B03)',
27 silly registry.get     etag: '"5WY43RX331V29PNOVUSCM97KJ"',
27 silly registry.get     'content-type': 'application/json',
27 silly registry.get     'content-encoding': 'gzip',
27 silly registry.get     'cache-control': 'max-age=300',
27 silly registry.get     'content-length': '14853',
27 silly registry.get     'accept-ranges': 'bytes',
27 silly registry.get     date: 'Sat, 02 Jul 2016 15:35:26 GMT',
27 silly registry.get     via: '1.1 varnish',
27 silly registry.get     age: '0',
27 silly registry.get     connection: 'keep-alive',
27 silly registry.get     'x-served-by': 'cache-fra1227-FRA',
27 silly registry.get     'x-cache': 'HIT',
27 silly registry.get     'x-cache-hits': '1',
27 silly registry.get     'x-timer': 'S1467473726.417727,VS0,VE190',
27 silly registry.get     vary: 'Accept-Encoding' } ]
28 silly addNameRange number 2 { name: 'phantomjs', range: '*', hasData: true }
29 silly addNameRange versions [ 'phantomjs',
29 silly addNameRange   [ '0.0.1',
29 silly addNameRange     '0.0.2',
29 silly addNameRange     '0.0.3',
29 silly addNameRange     '0.0.4',
29 silly addNameRange     '0.0.5',
29 silly addNameRange     '0.0.6',
29 silly addNameRange     '0.0.7',
29 silly addNameRange     '0.0.8',
29 silly addNameRange     '0.0.9',
29 silly addNameRange     '0.1.0',
29 silly addNameRange     '0.1.1',
29 silly addNameRange     '0.2.0',
29 silly addNameRange     '0.2.1',
29 silly addNameRange     '0.2.2',
29 silly addNameRange     '0.2.3',
29 silly addNameRange     '0.2.4',
29 silly addNameRange     '0.2.5',
29 silly addNameRange     '0.2.6',
29 silly addNameRange     '1.8.0-1',
29 silly addNameRange     '1.8.1-1',
29 silly addNameRange     '1.8.1-2',
29 silly addNameRange     '1.8.1-3',
29 silly addNameRange     '1.8.2-0',
29 silly addNameRange     '1.8.2-1',
29 silly addNameRange     '1.8.2-2',
29 silly addNameRange     '1.9.0-0',
29 silly addNameRange     '1.9.0-1',
29 silly addNameRange     '1.9.0-2',
29 silly addNameRange     '1.9.0-3',
29 silly addNameRange     '1.9.0-4',
29 silly addNameRange     '1.9.0-5',
29 silly addNameRange     '1.9.0-6',
29 silly addNameRange     '1.9.1-0',
29 silly addNameRange     '1.9.1-2',
29 silly addNameRange     '1.9.1-3',
29 silly addNameRange     '1.9.1-4',
29 silly addNameRange     '1.9.1-5',
29 silly addNameRange     '1.9.1-6',
29 silly addNameRange     '1.9.1-7',
29 silly addNameRange     '1.9.1-8',
29 silly addNameRange     '1.9.1-9',
29 silly addNameRange     '1.9.2-0',
29 silly addNameRange     '1.9.2-1',
29 silly addNameRange     '1.9.2-2',
29 silly addNameRange     '1.9.2-3',
29 silly addNameRange     '1.9.2-4',
29 silly addNameRange     '1.9.2-5',
29 silly addNameRange     '1.9.2-6',
29 silly addNameRange     '1.9.6-0',
29 silly addNameRange     '1.9.7-1',
29 silly addNameRange     '1.9.7-3',
29 silly addNameRange     '1.9.7-4',
29 silly addNameRange     '1.9.7-5',
29 silly addNameRange     '1.9.7-6',
29 silly addNameRange     '1.9.7-7',
29 silly addNameRange     '1.9.7-8',
29 silly addNameRange     '1.9.7-9',
29 silly addNameRange     '1.9.7-10',
29 silly addNameRange     '1.9.7-11',
29 silly addNameRange     '1.9.7-12',
29 silly addNameRange     '1.9.7-13',
29 silly addNameRange     '1.9.7-14',
29 silly addNameRange     '1.9.7-15',
29 silly addNameRange     '1.8.2-3',
29 silly addNameRange     '1.9.8',
29 silly addNameRange     '1.9.9',
29 silly addNameRange     '1.9.10',
29 silly addNameRange     '1.9.11',
29 silly addNameRange     '1.9.12',
29 silly addNameRange     '1.9.13',
29 silly addNameRange     '1.9.15',
29 silly addNameRange     '1.9.16',
29 silly addNameRange     '1.9.17',
29 silly addNameRange     '1.9.18',
29 silly addNameRange     '1.9.19',
29 silly addNameRange     '2.1.1',
29 silly addNameRange     '2.1.2',
29 silly addNameRange     '2.1.3-deprecated',
29 silly addNameRange     '2.1.3',
29 silly addNameRange     '1.9.20',
29 silly addNameRange     '2.1.7' ] ]
30 verbose addNamed [ 'phantomjs', '2.1.7' ]
31 verbose addNamed [ '2.1.7', '2.1.7' ]
32 silly lockFile 27f983e7-phantomjs-2-1-7 phantomjs@2.1.7
33 verbose lock phantomjs@2.1.7 /Users/mw/.npm/27f983e7-phantomjs-2-1-7.lock
34 warn deprecated phantomjs@2.1.7: Package renamed to phantomjs-prebuilt. Please update 'phantomjs' package references to 'phantomjs-prebuilt'
35 silly lockFile 27f983e7-phantomjs-2-1-7 phantomjs@2.1.7
36 silly lockFile 27f983e7-phantomjs-2-1-7 phantomjs@2.1.7
37 silly lockFile 29cf7fd6-phantomjs phantomjs@
38 silly lockFile 29cf7fd6-phantomjs phantomjs@
39 silly resolved [ { name: 'phantomjs',
39 silly resolved     version: '2.1.7',
39 silly resolved     keywords: [ 'phantomjs', 'headless', 'webkit' ],
39 silly resolved     description: 'Headless WebKit with JS API',
39 silly resolved     homepage: 'https://github.com/Medium/phantomjs',
39 silly resolved     repository: { type: 'git', url: 'git://github.com/Medium/phantomjs.git' },
39 silly resolved     license: 'Apache-2.0',
39 silly resolved     author:
39 silly resolved      { name: 'Dan Pupius',
39 silly resolved        email: 'dan@obvious.com',
39 silly resolved        url: 'http://pupius.co.uk' },
39 silly resolved     maintainers: [ [Object], [Object], [Object] ],
39 silly resolved     main: 'lib/phantomjs',
39 silly resolved     bin: { phantomjs: './bin/phantomjs' },
39 silly resolved     scripts:
39 silly resolved      { install: 'node install.js',
39 silly resolved        test: 'nodeunit --reporter=minimal test/tests.js && eslint install.js' },
39 silly resolved     dependencies:
39 silly resolved      { 'extract-zip': '~1.5.0',
39 silly resolved        'fs-extra': '~0.26.4',
39 silly resolved        hasha: '^2.2.0',
39 silly resolved        kew: '~0.7.0',
39 silly resolved        progress: '~1.1.8',
39 silly resolved        request: '~2.67.0',
39 silly resolved        'request-progress': '~2.0.1',
39 silly resolved        which: '~1.2.2' },
39 silly resolved     devDependencies: { eslint: '1.10.3', nodeunit: '0.9.1' },
39 silly resolved     gitHead: '21e7232131b60f2573e110cf89d156a33e8f293c',
39 silly resolved     bugs: { url: 'https://github.com/Medium/phantomjs/issues' },
39 silly resolved     _id: 'phantomjs@2.1.7',
39 silly resolved     _shasum: 'c6910f67935c37285b6114329fc2f27d5f3e3134',
39 silly resolved     _from: 'phantomjs@',
39 silly resolved     _npmVersion: '2.14.12',
39 silly resolved     _nodeVersion: '4.3.1',
39 silly resolved     _npmUser: { name: 'nicks', email: 'nicholas.j.santos@gmail.com' },
39 silly resolved     dist:
39 silly resolved      { shasum: 'c6910f67935c37285b6114329fc2f27d5f3e3134',
39 silly resolved        tarball: 'https://registry.npmjs.org/phantomjs/-/phantomjs-2.1.7.tgz' },
39 silly resolved     _npmOperationalInternal:
39 silly resolved      { host: 'packages-12-west.internal.npmjs.com',
39 silly resolved        tmp: 'tmp/phantomjs-2.1.7.tgz_1460040810265_0.5564068194944412' },
39 silly resolved     deprecated: 'Package renamed to phantomjs-prebuilt. Please update \'phantomjs\' package references to \'phantomjs-prebuilt\'',
39 silly resolved     directories: {},
39 silly resolved     _resolved: 'https://registry.npmjs.org/phantomjs/-/phantomjs-2.1.7.tgz',
39 silly resolved     readme: 'ERROR: No README data found!' } ]
40 info install phantomjs@2.1.7 into /usr/local/lib
41 info installOne phantomjs@2.1.7
42 verbose lib/node_modules/phantomjs unbuild
43 verbose tar unpack /Users/mw/.npm/phantomjs/2.1.7/package.tgz
44 silly lockFile 4d5acaea-local-lib-node-modules-phantomjs tar:///usr/local/lib/node_modules/phantomjs
45 verbose lock tar:///usr/local/lib/node_modules/phantomjs /Users/mw/.npm/4d5acaea-local-lib-node-modules-phantomjs.lock
46 silly lockFile e2b527c1--npm-phantomjs-2-1-7-package-tgz tar:///Users/mw/.npm/phantomjs/2.1.7/package.tgz
47 verbose lock tar:///Users/mw/.npm/phantomjs/2.1.7/package.tgz /Users/mw/.npm/e2b527c1--npm-phantomjs-2-1-7-package-tgz.lock
48 silly gunzTarPerm modes [ '755', '644' ]
49 error Error: EACCES, mkdir '/usr/local/lib/node_modules/phantomjs'
49 error  { [Error: EACCES, mkdir '/usr/local/lib/node_modules/phantomjs']
49 error   errno: 3,
49 error   code: 'EACCES',
49 error   path: '/usr/local/lib/node_modules/phantomjs',
49 error   fstream_type: 'Directory',
49 error   fstream_path: '/usr/local/lib/node_modules/phantomjs',
49 error   fstream_class: 'DirWriter',
49 error   fstream_stack:
49 error    [ '/usr/local/lib/node_modules/npm/node_modules/fstream/lib/dir-writer.js:36:23',
49 error      '/usr/local/lib/node_modules/npm/node_modules/mkdirp/index.js:46:53',
49 error      'Object.oncomplete (fs.js:107:15)' ] }
50 error Please try running this command again as root/Administrator.
51 error System Darwin 15.5.0
52 error command "node" "/usr/local/bin/npm" "i" "-g" "phantomjs"
53 error cwd /Users/mw/home-server
54 error node -v v0.10.33
55 error npm -v 1.4.28
56 error path /usr/local/lib/node_modules/phantomjs
57 error fstream_path /usr/local/lib/node_modules/phantomjs
58 error fstream_type Directory
59 error fstream_class DirWriter
60 error code EACCES
61 error errno 3
62 error stack Error: EACCES, mkdir '/usr/local/lib/node_modules/phantomjs'
63 error fstream_stack /usr/local/lib/node_modules/npm/node_modules/fstream/lib/dir-writer.js:36:23
63 error fstream_stack /usr/local/lib/node_modules/npm/node_modules/mkdirp/index.js:46:53
63 error fstream_stack Object.oncomplete (fs.js:107:15)
64 verbose exit [ 3, true ]
